<?xml version="1.0" encoding="UTF-8"?>
<!-- Generated by org.testng.reporters.JUnitReportReporter -->
<testsuite hostname="MAC" failures="1" tests="15" name="com.polobix.testCases.TC_SignUpTest_001" time="155.191" errors="0" timestamp="2022-12-05T10:36:55 IST" skipped="0">
  <testcase classname="com.polobix.testCases.TC_SignUpTest_001" name="Negative_signUpTest" time="11.897">
    <failure type="java.lang.AssertionError">
      <![CDATA[java.lang.AssertionError
at org.junit.Assert.fail(Assert.java:86)
at org.junit.Assert.assertTrue(Assert.java:41)
at org.junit.Assert.assertTrue(Assert.java:52)
at com.polobix.testCases.TC_SignUpTest_001.Negative_signUpTest(TC_SignUpTest_001.java:42)
at java.base/jdk.internal.reflect.NativeMethodAccessorImpl.invoke0(Native Method)
at java.base/jdk.internal.reflect.NativeMethodAccessorImpl.invoke(NativeMethodAccessorImpl.java:62)
at java.base/jdk.internal.reflect.DelegatingMethodAccessorImpl.invoke(DelegatingMethodAccessorImpl.java:43)
at java.base/java.lang.reflect.Method.invoke(Method.java:567)
at org.testng.internal.invokers.MethodInvocationHelper.invokeMethod(MethodInvocationHelper.java:139)
at org.testng.internal.invokers.TestInvoker.invokeMethod(TestInvoker.java:677)
at org.testng.internal.invokers.TestInvoker.invokeTestMethod(TestInvoker.java:221)
at org.testng.internal.invokers.MethodRunner.runInSequence(MethodRunner.java:50)
at org.testng.internal.invokers.TestInvoker$MethodInvocationAgent.invoke(TestInvoker.java:962)
at org.testng.internal.invokers.TestInvoker.invokeTestMethods(TestInvoker.java:194)
at org.testng.internal.invokers.TestMethodWorker.invokeTestMethods(TestMethodWorker.java:148)
at org.testng.internal.invokers.TestMethodWorker.run(TestMethodWorker.java:128)
at java.base/java.util.ArrayList.forEach(ArrayList.java:1507)
at org.testng.TestRunner.privateRun(TestRunner.java:806)
at org.testng.TestRunner.run(TestRunner.java:601)
at org.testng.SuiteRunner.runTest(SuiteRunner.java:433)
at org.testng.SuiteRunner.runSequentially(SuiteRunner.java:427)
at org.testng.SuiteRunner.privateRun(SuiteRunner.java:387)
at org.testng.SuiteRunner.run(SuiteRunner.java:330)
at org.testng.SuiteRunnerWorker.runSuite(SuiteRunnerWorker.java:52)
at org.testng.SuiteRunnerWorker.run(SuiteRunnerWorker.java:95)
at org.testng.TestNG.runSuitesSequentially(TestNG.java:1256)
at org.testng.TestNG.runSuitesLocally(TestNG.java:1176)
at org.testng.TestNG.runSuites(TestNG.java:1099)
at org.testng.TestNG.run(TestNG.java:1067)
at org.testng.remote.AbstractRemoteTestNG.run(AbstractRemoteTestNG.java:115)
at org.testng.remote.RemoteTestNG.initAndRun(RemoteTestNG.java:251)
at org.testng.remote.RemoteTestNG.main(RemoteTestNG.java:77)
]]>
    </failure>
  </testcase> <!-- Negative_signUpTest -->
  <system-out/>
  <testcase classname="com.polobix.testCases.TC_SignUpTest_001" name="check_sign_In_Instead_Link_signUpPage" time="4.337"/>
  <system-out/>
  <testcase classname="com.polobix.testCases.TC_SignUpTest_001" name="Negative_signUpTest" time="10.062"/>
  <system-out/>
  <testcase classname="com.polobix.testCases.TC_SignUpTest_001" name="Negative_signUpTest" time="10.167"/>
  <system-out/>
  <testcase classname="com.polobix.testCases.TC_SignUpTest_001" name="Negative_signUpTest" time="10.110"/>
  <system-out/>
  <testcase classname="com.polobix.testCases.TC_SignUpTest_001" name="Negative_signUpTest" time="10.079"/>
  <system-out/>
  <testcase classname="com.polobix.testCases.TC_SignUpTest_001" name="positive_signUpTest" time="13.268"/>
  <system-out/>
  <testcase classname="com.polobix.testCases.TC_SignUpTest_001" name="Negative_signUpTest" time="10.126"/>
  <system-out/>
  <testcase classname="com.polobix.testCases.TC_SignUpTest_001" name="checkEyebuttomInSignUp" time="11.206"/>
  <system-out/>
  <testcase classname="com.polobix.testCases.TC_SignUpTest_001" name="Negative_signUpTest" time="10.209"/>
  <system-out/>
  <testcase classname="com.polobix.testCases.TC_SignUpTest_001" name="Negative_signUpTest" time="10.090"/>
  <system-out/>
  <testcase classname="com.polobix.testCases.TC_SignUpTest_001" name="Negative_signUpTest" time="10.118"/>
  <system-out/>
  <testcase classname="com.polobix.testCases.TC_SignUpTest_001" name="Negative_signUpTest" time="10.034"/>
  <system-out/>
  <testcase classname="com.polobix.testCases.TC_SignUpTest_001" name="Negative_signUpTest" time="10.119"/>
  <system-out/>
  <testcase classname="com.polobix.testCases.TC_SignUpTest_001" name="positive_signUpTest" time="13.369"/>
  <system-out/>
</testsuite> <!-- com.polobix.testCases.TC_SignUpTest_001 -->
