<?xml version="1.0" encoding="UTF-8"?>
<!-- Generated by org.testng.reporters.JUnitXMLReporter -->
<testsuite ignored="0" hostname="MAC" failures="1" tests="1" name="ExchangeApp Test" time="21.841" errors="0" timestamp="2022-12-28T11:10:40 IST">
  <testcase classname="com.polobix.testCases.TC_Forget_password_Link" name="ForgetPassword_Test" time="15.044">
    <failure type="java.lang.AssertionError">
      <![CDATA[java.lang.AssertionError
at org.junit.Assert.fail(Assert.java:86)
at org.junit.Assert.assertTrue(Assert.java:41)
at org.junit.Assert.assertTrue(Assert.java:52)
at com.polobix.testCases.TC_Forget_password_Link.ForgetPassword_Test(TC_Forget_password_Link.java:32)
at java.base/java.util.ArrayList.forEach(ArrayList.java:1507)
... Removed 27 stack frames]]>
    </failure>
  </testcase> <!-- ForgetPassword_Test -->
</testsuite> <!-- ExchangeApp Test -->
